level13@SnowCrash:~$ ls
level13
level13@SnowCrash:~$ ./level13 
UID 2013 started us but we we expect 4242

Let's try to change the value of the uid while the program is running with gdb

(gdb) disas main
Dump of assembler code for function main:
   0x0804858c <+0>:     push   %ebp
   0x0804858d <+1>:     mov    %esp,%ebp
   0x0804858f <+3>:     and    $0xfffffff0,%esp
   0x08048592 <+6>:     sub    $0x10,%esp
   0x08048595 <+9>:     call   0x8048380 <getuid@plt>                   #getuid used here
   0x0804859a <+14>:    cmp    $0x1092,%eax
   0x0804859f <+19>:    je     0x80485cb <main+63>
   0x080485a1 <+21>:    call   0x8048380 <getuid@plt>                   #getuid used here
   0x080485a6 <+26>:    mov    $0x80486c8,%edx
   0x080485ab <+31>:    movl   $0x1092,0x8(%esp)
   0x080485b3 <+39>:    mov    %eax,0x4(%esp)
   0x080485b7 <+43>:    mov    %edx,(%esp)
   0x080485ba <+46>:    call   0x8048360 <printf@plt>
   0x080485bf <+51>:    movl   $0x1,(%esp)
   0x080485c6 <+58>:    call   0x80483a0 <exit@plt>
   0x080485cb <+63>:    movl   $0x80486ef,(%esp)
   0x080485d2 <+70>:    call   0x8048474 <ft_des>
   0x080485d7 <+75>:    mov    $0x8048709,%edx
   0x080485dc <+80>:    mov    %eax,0x4(%esp)
   0x080485e0 <+84>:    mov    %edx,(%esp)
   0x080485e3 <+87>:    call   0x8048360 <printf@plt>
   0x080485e8 <+92>:    leave  
   0x080485e9 <+93>:    ret    
End of assembler dump.


int main()
{
  __uid_t _Var1;
  undefined4 uVar2;
  
  _Var1 = getuid();
  if (_Var1 != 0x1092) {    /*ie 4242 */
    _Var1 = getuid();
    printf("UID %d started us but we we expect %d\n",_Var1,0x10 92);
                    /* WARNING: Subroutine does not return */
    exit(1);
  }
  uVar2 = ft_des("boe]!ai0FB@.:|L6l@A?>qJ}I");
  printf("your token is %s\n",uVar2);
  return;
}


We can see that getuid is used here 2 times. Let's change the return value to be 4242

(gdb) break getuid
Breakpoint 1 at 0xb7ee4cc0
(gdb) run
Starting program: /home/user/level13/level13 

Breakpoint 1, 0xb7ee4cc0 in getuid () from /lib/i386-linux-gnu/libc.so.6
(gdb) step
Single stepping until exit from function getuid,
which has no line number information.
0x0804859a in main ()
(gdb) print $eax
$1 = 2013
(gdb) set $eax=4242
(gdb) print $eax
$2 = 4242
(gdb) step
Single stepping until exit from function main,
which has no line number information.
your token is 2A31L79asukciNyi8uppkEuSx
0xb7e454d3 in __libc_start_main () from /lib/i386-linux-gnu/libc.so.6
(gdb) 